[2021-07-29 08:16:58] local.ERROR: syntax error, unexpected token "<<" {"exception":"[object] (ParseError(code: 0): syntax error, unexpected token \"<<\" at /media/heart/Extension/JTL Projects/alaska_web_v2/database/migrations/2021_07_08_073352_create_job_experiences_table.php:23)
[stacktrace]
#0 /media/heart/Extension/JTL Projects/alaska_web_v2/vendor/laravel/framework/src/Illuminate/Filesystem/Filesystem.php(133): Illuminate\\Filesystem\\Filesystem::Illuminate\\Filesystem\\{closure}()
#1 /media/heart/Extension/JTL Projects/alaska_web_v2/vendor/laravel/framework/src/Illuminate/Database/Migrations/Migrator.php(526): Illuminate\\Filesystem\\Filesystem->requireOnce()
#2 /media/heart/Extension/JTL Projects/alaska_web_v2/vendor/laravel/framework/src/Illuminate/Database/Migrations/Migrator.php(105): Illuminate\\Database\\Migrations\\Migrator->requireFiles()
#3 /media/heart/Extension/JTL Projects/alaska_web_v2/vendor/laravel/framework/src/Illuminate/Database/Console/Migrations/MigrateCommand.php(85): Illuminate\\Database\\Migrations\\Migrator->run()
#4 /media/heart/Extension/JTL Projects/alaska_web_v2/vendor/laravel/framework/src/Illuminate/Database/Migrations/Migrator.php(585): Illuminate\\Database\\Console\\Migrations\\MigrateCommand->Illuminate\\Database\\Console\\Migrations\\{closure}()
#5 /media/heart/Extension/JTL Projects/alaska_web_v2/vendor/laravel/framework/src/Illuminate/Database/Console/Migrations/MigrateCommand.php(94): Illuminate\\Database\\Migrations\\Migrator->usingConnection()
#6 /media/heart/Extension/JTL Projects/alaska_web_v2/vendor/laravel/framework/src/Illuminate/Container/BoundMethod.php(36): Illuminate\\Database\\Console\\Migrations\\MigrateCommand->handle()
#7 /media/heart/Extension/JTL Projects/alaska_web_v2/vendor/laravel/framework/src/Illuminate/Container/Util.php(40): Illuminate\\Container\\BoundMethod::Illuminate\\Container\\{closure}()
#8 /media/heart/Extension/JTL Projects/alaska_web_v2/vendor/laravel/framework/src/Illuminate/Container/BoundMethod.php(93): Illuminate\\Container\\Util::unwrapIfClosure()
#9 /media/heart/Extension/JTL Projects/alaska_web_v2/vendor/laravel/framework/src/Illuminate/Container/BoundMethod.php(37): Illuminate\\Container\\BoundMethod::callBoundMethod()
#10 /media/heart/Extension/JTL Projects/alaska_web_v2/vendor/laravel/framework/src/Illuminate/Container/Container.php(651): Illuminate\\Container\\BoundMethod::call()
#11 /media/heart/Extension/JTL Projects/alaska_web_v2/vendor/laravel/framework/src/Illuminate/Console/Command.php(136): Illuminate\\Container\\Container->call()
#12 /media/heart/Extension/JTL Projects/alaska_web_v2/vendor/symfony/console/Command/Command.php(299): Illuminate\\Console\\Command->execute()
#13 /media/heart/Extension/JTL Projects/alaska_web_v2/vendor/laravel/framework/src/Illuminate/Console/Command.php(121): Symfony\\Component\\Console\\Command\\Command->run()
#14 /media/heart/Extension/JTL Projects/alaska_web_v2/vendor/symfony/console/Application.php(978): Illuminate\\Console\\Command->run()
#15 /media/heart/Extension/JTL Projects/alaska_web_v2/vendor/symfony/console/Application.php(295): Symfony\\Component\\Console\\Application->doRunCommand()
#16 /media/heart/Extension/JTL Projects/alaska_web_v2/vendor/symfony/console/Application.php(167): Symfony\\Component\\Console\\Application->doRun()
#17 /media/heart/Extension/JTL Projects/alaska_web_v2/vendor/laravel/framework/src/Illuminate/Console/Application.php(92): Symfony\\Component\\Console\\Application->run()
#18 /media/heart/Extension/JTL Projects/alaska_web_v2/vendor/laravel/framework/src/Illuminate/Foundation/Console/Kernel.php(129): Illuminate\\Console\\Application->run()
#19 /media/heart/Extension/JTL Projects/alaska_web_v2/artisan(37): Illuminate\\Foundation\\Console\\Kernel->handle()
#20 {main}
"} 
